{"/Users/asasmith/code/reclaim-my-life/web/app/contact/page.tsx": {"path":"/Users/asasmith/code/reclaim-my-life/web/app/contact/page.tsx","statementMap":{"0":{"start":{"line":7,"column":26},"end":{"line":7,"column":null}},"1":{"start":{"line":10,"column":24},"end":{"line":10,"column":null}},"2":{"start":{"line":11,"column":22},"end":{"line":11,"column":null}},"3":{"start":{"line":13,"column":2},"end":{"line":18,"column":null}},"4":{"start":{"line":14,"column":4},"end":{"line":17,"column":null}},"5":{"start":{"line":20,"column":2},"end":{"line":31,"column":null}},"6":{"start":{"line":35,"column":24},"end":{"line":35,"column":null}},"7":{"start":{"line":36,"column":8},"end":{"line":36,"column":null}},"8":{"start":{"line":37,"column":8},"end":{"line":37,"column":null}},"9":{"start":{"line":38,"column":50},"end":{"line":41,"column":null}},"10":{"start":{"line":42,"column":22},"end":{"line":42,"column":null}},"11":{"start":{"line":43,"column":23},"end":{"line":43,"column":null}},"12":{"start":{"line":45,"column":2},"end":{"line":47,"column":null}},"13":{"start":{"line":46,"column":4},"end":{"line":46,"column":null}},"14":{"start":{"line":49,"column":2},"end":{"line":51,"column":null}},"15":{"start":{"line":50,"column":4},"end":{"line":50,"column":null}},"16":{"start":{"line":53,"column":2},"end":{"line":66,"column":null}},"17":{"start":{"line":54,"column":4},"end":{"line":64,"column":null}},"18":{"start":{"line":68,"column":22},"end":{"line":68,"column":null}},"19":{"start":{"line":69,"column":17},"end":{"line":69,"column":null}},"20":{"start":{"line":70,"column":18},"end":{"line":70,"column":null}},"21":{"start":{"line":71,"column":20},"end":{"line":71,"column":null}},"22":{"start":{"line":72,"column":23},"end":{"line":72,"column":null}},"23":{"start":{"line":73,"column":21},"end":{"line":73,"column":null}},"24":{"start":{"line":74,"column":20},"end":{"line":74,"column":null}},"25":{"start":{"line":75,"column":8},"end":{"line":80,"column":null}},"26":{"start":{"line":76,"column":20},"end":{"line":79,"column":6}},"27":{"start":{"line":80,"column":22},"end":{"line":80,"column":43}},"28":{"start":{"line":81,"column":25},"end":{"line":81,"column":null}},"29":{"start":{"line":83,"column":2},"end":{"line":185,"column":null}},"30":{"start":{"line":107,"column":45},"end":{"line":107,"column":null}},"31":{"start":{"line":108,"column":39},"end":{"line":108,"column":null}},"32":{"start":{"line":110,"column":22},"end":{"line":122,"column":null}},"33":{"start":{"line":160,"column":22},"end":{"line":169,"column":null}}},"fnMap":{"0":{"name":"generateMetadata","decl":{"start":{"line":9,"column":22},"end":{"line":9,"column":60}},"loc":{"start":{"line":9,"column":60},"end":{"line":32,"column":null}},"line":9},"1":{"name":"Contact","decl":{"start":{"line":34,"column":30},"end":{"line":34,"column":40}},"loc":{"start":{"line":34,"column":40},"end":{"line":187,"column":null}},"line":34},"2":{"name":"(anonymous_2)","decl":{"start":{"line":76,"column":9},"end":{"line":76,"column":10}},"loc":{"start":{"line":76,"column":20},"end":{"line":79,"column":6}},"line":76},"3":{"name":"(anonymous_3)","decl":{"start":{"line":80,"column":12},"end":{"line":80,"column":13}},"loc":{"start":{"line":80,"column":22},"end":{"line":80,"column":43}},"line":80},"4":{"name":"(anonymous_4)","decl":{"start":{"line":106,"column":32},"end":{"line":106,"column":33}},"loc":{"start":{"line":106,"column":43},"end":{"line":124,"column":21}},"line":106},"5":{"name":"(anonymous_5)","decl":{"start":{"line":159,"column":37},"end":{"line":159,"column":38}},"loc":{"start":{"line":160,"column":22},"end":{"line":169,"column":null}},"line":160}},"branchMap":{"0":{"loc":{"start":{"line":13,"column":2},"end":{"line":18,"column":null}},"type":"if","locations":[{"start":{"line":13,"column":2},"end":{"line":18,"column":null}},{"start":{},"end":{}}],"line":13},"1":{"loc":{"start":{"line":21,"column":11},"end":{"line":21,"column":null}},"type":"binary-expr","locations":[{"start":{"line":21,"column":11},"end":{"line":21,"column":40}},{"start":{"line":21,"column":40},"end":{"line":21,"column":null}}],"line":21},"2":{"loc":{"start":{"line":23,"column":6},"end":{"line":23,"column":null}},"type":"binary-expr","locations":[{"start":{"line":23,"column":6},"end":{"line":23,"column":41}},{"start":{"line":23,"column":41},"end":{"line":23,"column":null}}],"line":23},"3":{"loc":{"start":{"line":25,"column":13},"end":{"line":25,"column":null}},"type":"binary-expr","locations":[{"start":{"line":25,"column":13},"end":{"line":25,"column":42}},{"start":{"line":25,"column":42},"end":{"line":25,"column":null}}],"line":25},"4":{"loc":{"start":{"line":26,"column":19},"end":{"line":26,"column":null}},"type":"binary-expr","locations":[{"start":{"line":26,"column":19},"end":{"line":26,"column":54}},{"start":{"line":26,"column":54},"end":{"line":26,"column":null}}],"line":26},"5":{"loc":{"start":{"line":27,"column":14},"end":{"line":29,"column":null}},"type":"cond-expr","locations":[{"start":{"line":28,"column":10},"end":{"line":28,"column":null}},{"start":{"line":29,"column":10},"end":{"line":29,"column":null}}],"line":27},"6":{"loc":{"start":{"line":42,"column":22},"end":{"line":42,"column":null}},"type":"cond-expr","locations":[{"start":{"line":42,"column":65},"end":{"line":42,"column":91}},{"start":{"line":42,"column":91},"end":{"line":42,"column":null}}],"line":42},"7":{"loc":{"start":{"line":43,"column":23},"end":{"line":43,"column":null}},"type":"cond-expr","locations":[{"start":{"line":43,"column":67},"end":{"line":43,"column":94}},{"start":{"line":43,"column":94},"end":{"line":43,"column":null}}],"line":43},"8":{"loc":{"start":{"line":45,"column":2},"end":{"line":47,"column":null}},"type":"if","locations":[{"start":{"line":45,"column":2},"end":{"line":47,"column":null}},{"start":{},"end":{}}],"line":45},"9":{"loc":{"start":{"line":49,"column":2},"end":{"line":51,"column":null}},"type":"if","locations":[{"start":{"line":49,"column":2},"end":{"line":51,"column":null}},{"start":{},"end":{}}],"line":49},"10":{"loc":{"start":{"line":53,"column":2},"end":{"line":66,"column":null}},"type":"if","locations":[{"start":{"line":53,"column":2},"end":{"line":66,"column":null}},{"start":{},"end":{}}],"line":53},"11":{"loc":{"start":{"line":69,"column":17},"end":{"line":69,"column":null}},"type":"binary-expr","locations":[{"start":{"line":69,"column":17},"end":{"line":69,"column":40}},{"start":{"line":69,"column":40},"end":{"line":69,"column":null}}],"line":69},"12":{"loc":{"start":{"line":73,"column":29},"end":{"line":73,"column":60}},"type":"binary-expr","locations":[{"start":{"line":73,"column":29},"end":{"line":73,"column":48}},{"start":{"line":73,"column":48},"end":{"line":73,"column":60}}],"line":73},"13":{"loc":{"start":{"line":75,"column":23},"end":{"line":75,"column":null}},"type":"binary-expr","locations":[{"start":{"line":75,"column":23},"end":{"line":75,"column":52}},{"start":{"line":75,"column":52},"end":{"line":75,"column":null}}],"line":75},"14":{"loc":{"start":{"line":100,"column":15},"end":{"line":126,"column":null}},"type":"binary-expr","locations":[{"start":{"line":100,"column":15},"end":{"line":100,"column":null}},{"start":{"line":101,"column":16},"end":{"line":126,"column":null}}],"line":100},"15":{"loc":{"start":{"line":108,"column":39},"end":{"line":108,"column":null}},"type":"binary-expr","locations":[{"start":{"line":108,"column":39},"end":{"line":108,"column":53}},{"start":{"line":108,"column":53},"end":{"line":108,"column":null}}],"line":108},"16":{"loc":{"start":{"line":112,"column":27},"end":{"line":120,"column":null}},"type":"cond-expr","locations":[{"start":{"line":113,"column":28},"end":{"line":118,"column":null}},{"start":{"line":120,"column":28},"end":{"line":120,"column":null}}],"line":112},"17":{"loc":{"start":{"line":129,"column":15},"end":{"line":135,"column":null}},"type":"binary-expr","locations":[{"start":{"line":129,"column":15},"end":{"line":129,"column":null}},{"start":{"line":130,"column":16},"end":{"line":135,"column":null}}],"line":129},"18":{"loc":{"start":{"line":138,"column":15},"end":{"line":152,"column":null}},"type":"binary-expr","locations":[{"start":{"line":138,"column":15},"end":{"line":138,"column":null}},{"start":{"line":139,"column":16},"end":{"line":152,"column":null}}],"line":138},"19":{"loc":{"start":{"line":144,"column":21},"end":{"line":148,"column":null}},"type":"binary-expr","locations":[{"start":{"line":144,"column":21},"end":{"line":144,"column":null}},{"start":{"line":145,"column":22},"end":{"line":148,"column":null}}],"line":144},"20":{"loc":{"start":{"line":147,"column":25},"end":{"line":147,"column":null}},"type":"binary-expr","locations":[{"start":{"line":147,"column":25},"end":{"line":147,"column":41}},{"start":{"line":147,"column":41},"end":{"line":147,"column":null}}],"line":147},"21":{"loc":{"start":{"line":155,"column":15},"end":{"line":172,"column":null}},"type":"binary-expr","locations":[{"start":{"line":155,"column":15},"end":{"line":155,"column":null}},{"start":{"line":156,"column":16},"end":{"line":172,"column":null}}],"line":155},"22":{"loc":{"start":{"line":160,"column":31},"end":{"line":160,"column":null}},"type":"binary-expr","locations":[{"start":{"line":160,"column":31},"end":{"line":160,"column":44}},{"start":{"line":160,"column":44},"end":{"line":160,"column":null}}],"line":160}},"s":{"0":1,"1":0,"2":0,"3":0,"4":0,"5":0,"6":3,"7":3,"8":3,"9":3,"10":3,"11":3,"12":3,"13":0,"14":3,"15":0,"16":3,"17":0,"18":3,"19":3,"20":3,"21":3,"22":3,"23":3,"24":3,"25":3,"26":3,"27":3,"28":3,"29":3,"30":1,"31":1,"32":1,"33":2},"f":{"0":0,"1":3,"2":3,"3":3,"4":1,"5":2},"b":{"0":[0,0],"1":[0,0],"2":[0,0],"3":[0,0],"4":[0,0],"5":[0,0],"6":[3,0],"7":[3,0],"8":[0,3],"9":[0,3],"10":[0,3],"11":[3,0],"12":[3,3],"13":[3,2],"14":[3,1],"15":[1,0],"16":[1,0],"17":[3,0],"18":[3,1],"19":[1,0],"20":[0,0],"21":[3,1],"22":[2,0]},"meta":{"lastBranch":23,"lastFunction":6,"lastStatement":34,"seen":{"s:7:26:7:Infinity":0,"f:9:22:9:60":0,"s:10:24:10:Infinity":1,"s:11:22:11:Infinity":2,"b:13:2:18:Infinity:undefined:undefined:undefined:undefined":0,"s:13:2:18:Infinity":3,"s:14:4:17:Infinity":4,"s:20:2:31:Infinity":5,"b:21:11:21:40:21:40:21:Infinity":1,"b:23:6:23:41:23:41:23:Infinity":2,"b:25:13:25:42:25:42:25:Infinity":3,"b:26:19:26:54:26:54:26:Infinity":4,"b:28:10:28:Infinity:29:10:29:Infinity":5,"f:34:30:34:40":1,"s:35:24:35:Infinity":6,"s:36:8:36:Infinity":7,"s:37:8:37:Infinity":8,"s:38:50:41:Infinity":9,"s:42:22:42:Infinity":10,"b:42:65:42:91:42:91:42:Infinity":6,"s:43:23:43:Infinity":11,"b:43:67:43:94:43:94:43:Infinity":7,"b:45:2:47:Infinity:undefined:undefined:undefined:undefined":8,"s:45:2:47:Infinity":12,"s:46:4:46:Infinity":13,"b:49:2:51:Infinity:undefined:undefined:undefined:undefined":9,"s:49:2:51:Infinity":14,"s:50:4:50:Infinity":15,"b:53:2:66:Infinity:undefined:undefined:undefined:undefined":10,"s:53:2:66:Infinity":16,"s:54:4:64:Infinity":17,"s:68:22:68:Infinity":18,"s:69:17:69:Infinity":19,"b:69:17:69:40:69:40:69:Infinity":11,"s:70:18:70:Infinity":20,"s:71:20:71:Infinity":21,"s:72:23:72:Infinity":22,"s:73:21:73:Infinity":23,"b:73:29:73:48:73:48:73:60":12,"s:74:20:74:Infinity":24,"s:75:8:80:Infinity":25,"b:75:23:75:52:75:52:75:Infinity":13,"f:76:9:76:10":2,"s:76:20:79:6":26,"f:80:12:80:13":3,"s:80:22:80:43":27,"s:81:25:81:Infinity":28,"s:83:2:185:Infinity":29,"b:100:15:100:Infinity:101:16:126:Infinity":14,"f:106:32:106:33":4,"s:107:45:107:Infinity":30,"s:108:39:108:Infinity":31,"b:108:39:108:53:108:53:108:Infinity":15,"s:110:22:122:Infinity":32,"b:113:28:118:Infinity:120:28:120:Infinity":16,"b:129:15:129:Infinity:130:16:135:Infinity":17,"b:138:15:138:Infinity:139:16:152:Infinity":18,"b:144:21:144:Infinity:145:22:148:Infinity":19,"b:147:25:147:41:147:41:147:Infinity":20,"b:155:15:155:Infinity:156:16:172:Infinity":21,"f:159:37:159:38":5,"s:160:22:169:Infinity":33,"b:160:31:160:44:160:44:160:Infinity":22}}}
,"/Users/asasmith/code/reclaim-my-life/web/components/ContactForm.tsx": {"path":"/Users/asasmith/code/reclaim-my-life/web/components/ContactForm.tsx","statementMap":{"0":{"start":{"line":14,"column":8},"end":{"line":14,"column":null}},"1":{"start":{"line":15,"column":38},"end":{"line":15,"column":null}},"2":{"start":{"line":16,"column":38},"end":{"line":16,"column":null}},"3":{"start":{"line":17,"column":46},"end":{"line":17,"column":null}},"4":{"start":{"line":19,"column":23},"end":{"line":67,"column":null}},"5":{"start":{"line":20,"column":4},"end":{"line":20,"column":null}},"6":{"start":{"line":21,"column":4},"end":{"line":21,"column":null}},"7":{"start":{"line":22,"column":4},"end":{"line":22,"column":null}},"8":{"start":{"line":23,"column":4},"end":{"line":23,"column":null}},"9":{"start":{"line":25,"column":4},"end":{"line":29,"column":null}},"10":{"start":{"line":26,"column":6},"end":{"line":26,"column":null}},"11":{"start":{"line":27,"column":6},"end":{"line":27,"column":null}},"12":{"start":{"line":28,"column":6},"end":{"line":28,"column":null}},"13":{"start":{"line":31,"column":21},"end":{"line":31,"column":null}},"14":{"start":{"line":33,"column":18},"end":{"line":33,"column":null}},"15":{"start":{"line":34,"column":18},"end":{"line":34,"column":null}},"16":{"start":{"line":36,"column":4},"end":{"line":40,"column":null}},"17":{"start":{"line":37,"column":6},"end":{"line":37,"column":null}},"18":{"start":{"line":38,"column":6},"end":{"line":38,"column":null}},"19":{"start":{"line":39,"column":6},"end":{"line":39,"column":null}},"20":{"start":{"line":42,"column":19},"end":{"line":42,"column":null}},"21":{"start":{"line":44,"column":4},"end":{"line":46,"column":null}},"22":{"start":{"line":45,"column":6},"end":{"line":45,"column":null}},"23":{"start":{"line":48,"column":4},"end":{"line":66,"column":null}},"24":{"start":{"line":49,"column":23},"end":{"line":53,"column":null}},"25":{"start":{"line":55,"column":6},"end":{"line":57,"column":null}},"26":{"start":{"line":56,"column":8},"end":{"line":56,"column":null}},"27":{"start":{"line":59,"column":6},"end":{"line":59,"column":null}},"28":{"start":{"line":60,"column":6},"end":{"line":60,"column":null}},"29":{"start":{"line":62,"column":6},"end":{"line":62,"column":null}},"30":{"start":{"line":63,"column":6},"end":{"line":63,"column":null}},"31":{"start":{"line":65,"column":6},"end":{"line":65,"column":null}},"32":{"start":{"line":69,"column":35},"end":{"line":80,"column":null}},"33":{"start":{"line":70,"column":4},"end":{"line":72,"column":null}},"34":{"start":{"line":71,"column":6},"end":{"line":71,"column":null}},"35":{"start":{"line":74,"column":18},"end":{"line":74,"column":null}},"36":{"start":{"line":75,"column":18},"end":{"line":75,"column":null}},"37":{"start":{"line":77,"column":4},"end":{"line":79,"column":null}},"38":{"start":{"line":78,"column":6},"end":{"line":78,"column":null}},"39":{"start":{"line":82,"column":29},"end":{"line":82,"column":null}},"40":{"start":{"line":83,"column":39},"end":{"line":85,"column":null}},"41":{"start":{"line":87,"column":2},"end":{"line":219,"column":null}}},"fnMap":{"0":{"name":"ContactForm","decl":{"start":{"line":13,"column":24},"end":{"line":13,"column":36}},"loc":{"start":{"line":13,"column":69},"end":{"line":221,"column":null}},"line":13},"1":{"name":"(anonymous_1)","decl":{"start":{"line":19,"column":23},"end":{"line":19,"column":30}},"loc":{"start":{"line":19,"column":74},"end":{"line":67,"column":null}},"line":19},"2":{"name":"(anonymous_2)","decl":{"start":{"line":44,"column":21},"end":{"line":44,"column":22}},"loc":{"start":{"line":44,"column":37},"end":{"line":46,"column":5}},"line":44},"3":{"name":"(anonymous_3)","decl":{"start":{"line":69,"column":35},"end":{"line":69,"column":41}},"loc":{"start":{"line":69,"column":41},"end":{"line":80,"column":null}},"line":69}},"branchMap":{"0":{"loc":{"start":{"line":25,"column":4},"end":{"line":29,"column":null}},"type":"if","locations":[{"start":{"line":25,"column":4},"end":{"line":29,"column":null}},{"start":{},"end":{}}],"line":25},"1":{"loc":{"start":{"line":33,"column":25},"end":{"line":33,"column":52}},"type":"binary-expr","locations":[{"start":{"line":33,"column":25},"end":{"line":33,"column":50}},{"start":{"line":33,"column":50},"end":{"line":33,"column":52}}],"line":33},"2":{"loc":{"start":{"line":34,"column":25},"end":{"line":34,"column":52}},"type":"binary-expr","locations":[{"start":{"line":34,"column":25},"end":{"line":34,"column":50}},{"start":{"line":34,"column":50},"end":{"line":34,"column":52}}],"line":34},"3":{"loc":{"start":{"line":36,"column":4},"end":{"line":40,"column":null}},"type":"if","locations":[{"start":{"line":36,"column":4},"end":{"line":40,"column":null}},{"start":{},"end":{}}],"line":36},"4":{"loc":{"start":{"line":36,"column":8},"end":{"line":36,"column":26}},"type":"binary-expr","locations":[{"start":{"line":36,"column":8},"end":{"line":36,"column":18}},{"start":{"line":36,"column":18},"end":{"line":36,"column":26}}],"line":36},"5":{"loc":{"start":{"line":55,"column":6},"end":{"line":57,"column":null}},"type":"if","locations":[{"start":{"line":55,"column":6},"end":{"line":57,"column":null}},{"start":{},"end":{}}],"line":55},"6":{"loc":{"start":{"line":70,"column":4},"end":{"line":72,"column":null}},"type":"if","locations":[{"start":{"line":70,"column":4},"end":{"line":72,"column":null}},{"start":{},"end":{}}],"line":70},"7":{"loc":{"start":{"line":77,"column":4},"end":{"line":79,"column":null}},"type":"if","locations":[{"start":{"line":77,"column":4},"end":{"line":79,"column":null}},{"start":{},"end":{}}],"line":77},"8":{"loc":{"start":{"line":77,"column":8},"end":{"line":77,"column":24}},"type":"binary-expr","locations":[{"start":{"line":77,"column":8},"end":{"line":77,"column":17}},{"start":{"line":77,"column":17},"end":{"line":77,"column":24}}],"line":77},"9":{"loc":{"start":{"line":83,"column":39},"end":{"line":85,"column":null}},"type":"cond-expr","locations":[{"start":{"line":84,"column":6},"end":{"line":84,"column":null}},{"start":{"line":85,"column":6},"end":{"line":85,"column":null}}],"line":83},"10":{"loc":{"start":{"line":169,"column":11},"end":{"line":177,"column":null}},"type":"cond-expr","locations":[{"start":{"line":170,"column":12},"end":{"line":176,"column":null}},{"start":{"line":177,"column":14},"end":{"line":177,"column":null}}],"line":169},"11":{"loc":{"start":{"line":202,"column":13},"end":{"line":202,"column":null}},"type":"cond-expr","locations":[{"start":{"line":202,"column":28},"end":{"line":202,"column":43}},{"start":{"line":202,"column":43},"end":{"line":202,"column":null}}],"line":202},"12":{"loc":{"start":{"line":204,"column":11},"end":{"line":211,"column":null}},"type":"cond-expr","locations":[{"start":{"line":205,"column":12},"end":{"line":210,"column":null}},{"start":{"line":211,"column":14},"end":{"line":211,"column":null}}],"line":204},"13":{"loc":{"start":{"line":212,"column":11},"end":{"line":216,"column":null}},"type":"cond-expr","locations":[{"start":{"line":213,"column":12},"end":{"line":215,"column":null}},{"start":{"line":216,"column":14},"end":{"line":216,"column":null}}],"line":212}},"s":{"0":14,"1":14,"2":14,"3":14,"4":14,"5":4,"6":4,"7":4,"8":4,"9":4,"10":0,"11":0,"12":0,"13":4,"14":4,"15":4,"16":4,"17":2,"18":2,"19":2,"20":2,"21":2,"22":12,"23":2,"24":2,"25":2,"26":1,"27":1,"28":1,"29":1,"30":1,"31":2,"32":14,"33":52,"34":0,"35":52,"36":52,"37":52,"38":52,"39":14,"40":14,"41":14},"f":{"0":14,"1":4,"2":12,"3":52},"b":{"0":[0,4],"1":[4,0],"2":[4,0],"3":[2,2],"4":[4,2],"5":[1,1],"6":[0,52],"7":[52,0],"8":[52,12],"9":[2,12],"10":[2,12],"11":[2,12],"12":[1,13],"13":[1,13]},"meta":{"lastBranch":14,"lastFunction":4,"lastStatement":42,"seen":{"f:13:24:13:36":0,"s:14:8:14:Infinity":0,"s:15:38:15:Infinity":1,"s:16:38:16:Infinity":2,"s:17:46:17:Infinity":3,"s:19:23:67:Infinity":4,"f:19:23:19:30":1,"s:20:4:20:Infinity":5,"s:21:4:21:Infinity":6,"s:22:4:22:Infinity":7,"s:23:4:23:Infinity":8,"b:25:4:29:Infinity:undefined:undefined:undefined:undefined":0,"s:25:4:29:Infinity":9,"s:26:6:26:Infinity":10,"s:27:6:27:Infinity":11,"s:28:6:28:Infinity":12,"s:31:21:31:Infinity":13,"s:33:18:33:Infinity":14,"b:33:25:33:50:33:50:33:52":1,"s:34:18:34:Infinity":15,"b:34:25:34:50:34:50:34:52":2,"b:36:4:40:Infinity:undefined:undefined:undefined:undefined":3,"s:36:4:40:Infinity":16,"b:36:8:36:18:36:18:36:26":4,"s:37:6:37:Infinity":17,"s:38:6:38:Infinity":18,"s:39:6:39:Infinity":19,"s:42:19:42:Infinity":20,"s:44:4:46:Infinity":21,"f:44:21:44:22":2,"s:45:6:45:Infinity":22,"s:48:4:66:Infinity":23,"s:49:23:53:Infinity":24,"b:55:6:57:Infinity:undefined:undefined:undefined:undefined":5,"s:55:6:57:Infinity":25,"s:56:8:56:Infinity":26,"s:59:6:59:Infinity":27,"s:60:6:60:Infinity":28,"s:62:6:62:Infinity":29,"s:63:6:63:Infinity":30,"s:65:6:65:Infinity":31,"s:69:35:80:Infinity":32,"f:69:35:69:41":3,"b:70:4:72:Infinity:undefined:undefined:undefined:undefined":6,"s:70:4:72:Infinity":33,"s:71:6:71:Infinity":34,"s:74:18:74:Infinity":35,"s:75:18:75:Infinity":36,"b:77:4:79:Infinity:undefined:undefined:undefined:undefined":7,"s:77:4:79:Infinity":37,"b:77:8:77:17:77:17:77:24":8,"s:78:6:78:Infinity":38,"s:82:29:82:Infinity":39,"s:83:39:85:Infinity":40,"b:84:6:84:Infinity:85:6:85:Infinity":9,"s:87:2:219:Infinity":41,"b:170:12:176:Infinity:177:14:177:Infinity":10,"b:202:28:202:43:202:43:202:Infinity":11,"b:205:12:210:Infinity:211:14:211:Infinity":12,"b:213:12:215:Infinity:216:14:216:Infinity":13}}}
,"/Users/asasmith/code/reclaim-my-life/web/components/Footer.tsx": {"path":"/Users/asasmith/code/reclaim-my-life/web/components/Footer.tsx","statementMap":{"0":{"start":{"line":10,"column":17},"end":{"line":10,"column":null}},"1":{"start":{"line":11,"column":16},"end":{"line":11,"column":null}},"2":{"start":{"line":12,"column":18},"end":{"line":12,"column":null}},"3":{"start":{"line":13,"column":20},"end":{"line":13,"column":null}},"4":{"start":{"line":14,"column":23},"end":{"line":14,"column":null}},"5":{"start":{"line":15,"column":21},"end":{"line":15,"column":null}},"6":{"start":{"line":16,"column":8},"end":{"line":21,"column":null}},"7":{"start":{"line":17,"column":20},"end":{"line":20,"column":6}},"8":{"start":{"line":21,"column":22},"end":{"line":21,"column":43}},"9":{"start":{"line":22,"column":25},"end":{"line":22,"column":null}},"10":{"start":{"line":23,"column":20},"end":{"line":23,"column":null}},"11":{"start":{"line":24,"column":28},"end":{"line":24,"column":null}},"12":{"start":{"line":26,"column":2},"end":{"line":124,"column":null}},"13":{"start":{"line":50,"column":47},"end":{"line":50,"column":null}},"14":{"start":{"line":51,"column":41},"end":{"line":51,"column":null}},"15":{"start":{"line":53,"column":24},"end":{"line":65,"column":null}},"16":{"start":{"line":91,"column":24},"end":{"line":99,"column":null}}},"fnMap":{"0":{"name":"Footer","decl":{"start":{"line":9,"column":24},"end":{"line":9,"column":31}},"loc":{"start":{"line":9,"column":74},"end":{"line":126,"column":null}},"line":9},"1":{"name":"(anonymous_1)","decl":{"start":{"line":17,"column":9},"end":{"line":17,"column":10}},"loc":{"start":{"line":17,"column":20},"end":{"line":20,"column":6}},"line":17},"2":{"name":"(anonymous_2)","decl":{"start":{"line":21,"column":12},"end":{"line":21,"column":13}},"loc":{"start":{"line":21,"column":22},"end":{"line":21,"column":43}},"line":21},"3":{"name":"(anonymous_3)","decl":{"start":{"line":49,"column":34},"end":{"line":49,"column":35}},"loc":{"start":{"line":49,"column":45},"end":{"line":67,"column":23}},"line":49},"4":{"name":"(anonymous_4)","decl":{"start":{"line":90,"column":47},"end":{"line":90,"column":48}},"loc":{"start":{"line":91,"column":24},"end":{"line":99,"column":null}},"line":91}},"branchMap":{"0":{"loc":{"start":{"line":10,"column":17},"end":{"line":10,"column":null}},"type":"binary-expr","locations":[{"start":{"line":10,"column":17},"end":{"line":10,"column":40}},{"start":{"line":10,"column":40},"end":{"line":10,"column":null}}],"line":10},"1":{"loc":{"start":{"line":15,"column":29},"end":{"line":15,"column":60}},"type":"binary-expr","locations":[{"start":{"line":15,"column":29},"end":{"line":15,"column":48}},{"start":{"line":15,"column":48},"end":{"line":15,"column":60}}],"line":15},"2":{"loc":{"start":{"line":16,"column":31},"end":{"line":16,"column":null}},"type":"binary-expr","locations":[{"start":{"line":16,"column":31},"end":{"line":16,"column":46}},{"start":{"line":16,"column":46},"end":{"line":16,"column":null}}],"line":16},"3":{"loc":{"start":{"line":24,"column":36},"end":{"line":24,"column":86}},"type":"binary-expr","locations":[{"start":{"line":24,"column":36},"end":{"line":24,"column":49}},{"start":{"line":24,"column":49},"end":{"line":24,"column":58}},{"start":{"line":24,"column":58},"end":{"line":24,"column":72}},{"start":{"line":24,"column":72},"end":{"line":24,"column":86}}],"line":24},"4":{"loc":{"start":{"line":39,"column":11},"end":{"line":105,"column":null}},"type":"binary-expr","locations":[{"start":{"line":39,"column":11},"end":{"line":39,"column":null}},{"start":{"line":40,"column":12},"end":{"line":105,"column":null}}],"line":39},"5":{"loc":{"start":{"line":45,"column":17},"end":{"line":69,"column":null}},"type":"binary-expr","locations":[{"start":{"line":45,"column":17},"end":{"line":45,"column":null}},{"start":{"line":46,"column":18},"end":{"line":69,"column":null}}],"line":45},"6":{"loc":{"start":{"line":51,"column":41},"end":{"line":51,"column":null}},"type":"binary-expr","locations":[{"start":{"line":51,"column":41},"end":{"line":51,"column":55}},{"start":{"line":51,"column":55},"end":{"line":51,"column":null}}],"line":51},"7":{"loc":{"start":{"line":55,"column":29},"end":{"line":63,"column":null}},"type":"cond-expr","locations":[{"start":{"line":56,"column":30},"end":{"line":61,"column":null}},{"start":{"line":63,"column":30},"end":{"line":63,"column":null}}],"line":55},"8":{"loc":{"start":{"line":71,"column":17},"end":{"line":71,"column":null}},"type":"binary-expr","locations":[{"start":{"line":71,"column":17},"end":{"line":71,"column":26}},{"start":{"line":71,"column":26},"end":{"line":71,"column":null}}],"line":71},"9":{"loc":{"start":{"line":72,"column":17},"end":{"line":84,"column":null}},"type":"binary-expr","locations":[{"start":{"line":72,"column":17},"end":{"line":72,"column":null}},{"start":{"line":73,"column":18},"end":{"line":84,"column":null}}],"line":72},"10":{"loc":{"start":{"line":76,"column":23},"end":{"line":80,"column":null}},"type":"binary-expr","locations":[{"start":{"line":76,"column":23},"end":{"line":76,"column":null}},{"start":{"line":77,"column":24},"end":{"line":80,"column":null}}],"line":76},"11":{"loc":{"start":{"line":79,"column":27},"end":{"line":79,"column":null}},"type":"binary-expr","locations":[{"start":{"line":79,"column":27},"end":{"line":79,"column":43}},{"start":{"line":79,"column":43},"end":{"line":79,"column":null}}],"line":79},"12":{"loc":{"start":{"line":86,"column":17},"end":{"line":102,"column":null}},"type":"binary-expr","locations":[{"start":{"line":86,"column":17},"end":{"line":86,"column":null}},{"start":{"line":87,"column":18},"end":{"line":102,"column":null}}],"line":86},"13":{"loc":{"start":{"line":92,"column":31},"end":{"line":92,"column":null}},"type":"binary-expr","locations":[{"start":{"line":92,"column":31},"end":{"line":92,"column":44}},{"start":{"line":92,"column":44},"end":{"line":92,"column":null}}],"line":92}},"s":{"0":5,"1":5,"2":5,"3":5,"4":5,"5":5,"6":5,"7":3,"8":3,"9":5,"10":5,"11":5,"12":5,"13":2,"14":2,"15":2,"16":2},"f":{"0":5,"1":3,"2":3,"3":2,"4":2},"b":{"0":[5,1],"1":[5,3],"2":[5,1],"3":[5,3,3,2],"4":[5,3],"5":[3,2],"6":[2,0],"7":[2,0],"8":[3,1],"9":[3,2],"10":[2,2],"11":[2,2],"12":[3,2],"13":[2,0]},"meta":{"lastBranch":14,"lastFunction":5,"lastStatement":17,"seen":{"f:9:24:9:31":0,"s:10:17:10:Infinity":0,"b:10:17:10:40:10:40:10:Infinity":0,"s:11:16:11:Infinity":1,"s:12:18:12:Infinity":2,"s:13:20:13:Infinity":3,"s:14:23:14:Infinity":4,"s:15:21:15:Infinity":5,"b:15:29:15:48:15:48:15:60":1,"s:16:8:21:Infinity":6,"b:16:31:16:46:16:46:16:Infinity":2,"f:17:9:17:10":1,"s:17:20:20:6":7,"f:21:12:21:13":2,"s:21:22:21:43":8,"s:22:25:22:Infinity":9,"s:23:20:23:Infinity":10,"s:24:28:24:Infinity":11,"b:24:36:24:49:24:49:24:58:24:58:24:72:24:72:24:86":3,"s:26:2:124:Infinity":12,"b:39:11:39:Infinity:40:12:105:Infinity":4,"b:45:17:45:Infinity:46:18:69:Infinity":5,"f:49:34:49:35":3,"s:50:47:50:Infinity":13,"s:51:41:51:Infinity":14,"b:51:41:51:55:51:55:51:Infinity":6,"s:53:24:65:Infinity":15,"b:56:30:61:Infinity:63:30:63:Infinity":7,"b:71:17:71:26:71:26:71:Infinity":8,"b:72:17:72:Infinity:73:18:84:Infinity":9,"b:76:23:76:Infinity:77:24:80:Infinity":10,"b:79:27:79:43:79:43:79:Infinity":11,"b:86:17:86:Infinity:87:18:102:Infinity":12,"f:90:47:90:48":4,"s:91:24:99:Infinity":16,"b:92:31:92:44:92:44:92:Infinity":13}}}
,"/Users/asasmith/code/reclaim-my-life/web/components/Navigation.tsx": {"path":"/Users/asasmith/code/reclaim-my-life/web/components/Navigation.tsx","statementMap":{"0":{"start":{"line":9,"column":10},"end":{"line":9,"column":null}},"1":{"start":{"line":10,"column":48},"end":{"line":10,"column":null}},"2":{"start":{"line":12,"column":21},"end":{"line":15,"column":null}},"3":{"start":{"line":17,"column":29},"end":{"line":19,"column":null}},"4":{"start":{"line":18,"column":8},"end":{"line":18,"column":null}},"5":{"start":{"line":21,"column":28},"end":{"line":23,"column":null}},"6":{"start":{"line":22,"column":8},"end":{"line":22,"column":null}},"7":{"start":{"line":25,"column":4},"end":{"line":133,"column":null}},"8":{"start":{"line":45,"column":28},"end":{"line":54,"column":null}},"9":{"start":{"line":110,"column":32},"end":{"line":120,"column":null}}},"fnMap":{"0":{"name":"Navigation","decl":{"start":{"line":8,"column":24},"end":{"line":8,"column":37}},"loc":{"start":{"line":8,"column":37},"end":{"line":135,"column":null}},"line":8},"1":{"name":"(anonymous_1)","decl":{"start":{"line":17,"column":29},"end":{"line":17,"column":35}},"loc":{"start":{"line":17,"column":35},"end":{"line":19,"column":null}},"line":17},"2":{"name":"(anonymous_2)","decl":{"start":{"line":21,"column":28},"end":{"line":21,"column":34}},"loc":{"start":{"line":21,"column":34},"end":{"line":23,"column":null}},"line":21},"3":{"name":"(anonymous_3)","decl":{"start":{"line":44,"column":38},"end":{"line":44,"column":39}},"loc":{"start":{"line":45,"column":28},"end":{"line":54,"column":null}},"line":45},"4":{"name":"(anonymous_4)","decl":{"start":{"line":109,"column":42},"end":{"line":109,"column":43}},"loc":{"start":{"line":110,"column":32},"end":{"line":120,"column":null}},"line":110}},"branchMap":{"0":{"loc":{"start":{"line":48,"column":102},"end":{"line":50,"column":null}},"type":"cond-expr","locations":[{"start":{"line":49,"column":38},"end":{"line":49,"column":null}},{"start":{"line":50,"column":38},"end":{"line":50,"column":null}}],"line":48},"1":{"loc":{"start":{"line":72,"column":29},"end":{"line":99,"column":null}},"type":"cond-expr","locations":[{"start":{"line":73,"column":32},"end":{"line":85,"column":null}},{"start":{"line":87,"column":32},"end":{"line":99,"column":null}}],"line":72},"2":{"loc":{"start":{"line":106,"column":17},"end":{"line":130,"column":null}},"type":"binary-expr","locations":[{"start":{"line":106,"column":17},"end":{"line":106,"column":null}},{"start":{"line":107,"column":20},"end":{"line":130,"column":null}}],"line":106},"3":{"loc":{"start":{"line":114,"column":117},"end":{"line":116,"column":null}},"type":"cond-expr","locations":[{"start":{"line":115,"column":42},"end":{"line":115,"column":null}},{"start":{"line":116,"column":42},"end":{"line":116,"column":null}}],"line":114}},"s":{"0":8,"1":8,"2":8,"3":8,"4":3,"5":8,"6":1,"7":8,"8":16,"9":4},"f":{"0":8,"1":3,"2":1,"3":16,"4":4},"b":{"0":[1,15],"1":[2,6],"2":[8,2],"3":[0,4]},"meta":{"lastBranch":4,"lastFunction":5,"lastStatement":10,"seen":{"f:8:24:8:37":0,"s:9:10:9:Infinity":0,"s:10:48:10:Infinity":1,"s:12:21:15:Infinity":2,"s:17:29:19:Infinity":3,"f:17:29:17:35":1,"s:18:8:18:Infinity":4,"s:21:28:23:Infinity":5,"f:21:28:21:34":2,"s:22:8:22:Infinity":6,"s:25:4:133:Infinity":7,"f:44:38:44:39":3,"s:45:28:54:Infinity":8,"b:49:38:49:Infinity:50:38:50:Infinity":0,"b:73:32:85:Infinity:87:32:99:Infinity":1,"b:106:17:106:Infinity:107:20:130:Infinity":2,"f:109:42:109:43":4,"s:110:32:120:Infinity":9,"b:115:42:115:Infinity:116:42:116:Infinity":3}}}
,"/Users/asasmith/code/reclaim-my-life/web/components/RegistrationForm.tsx": {"path":"/Users/asasmith/code/reclaim-my-life/web/components/RegistrationForm.tsx","statementMap":{"0":{"start":{"line":19,"column":20},"end":{"line":20,"column":null}},"1":{"start":{"line":20,"column":2},"end":{"line":20,"column":null}},"2":{"start":{"line":22,"column":28},"end":{"line":28,"column":null}},"3":{"start":{"line":23,"column":2},"end":{"line":28,"column":null}},"4":{"start":{"line":24,"column":21},"end":{"line":27,"column":6}},"5":{"start":{"line":28,"column":23},"end":{"line":28,"column":53}},"6":{"start":{"line":35,"column":8},"end":{"line":35,"column":null}},"7":{"start":{"line":36,"column":38},"end":{"line":36,"column":null}},"8":{"start":{"line":37,"column":38},"end":{"line":37,"column":null}},"9":{"start":{"line":39,"column":2},"end":{"line":45,"column":null}},"10":{"start":{"line":40,"column":4},"end":{"line":43,"column":null}},"11":{"start":{"line":47,"column":17},"end":{"line":47,"column":null}},"12":{"start":{"line":49,"column":2},"end":{"line":55,"column":null}},"13":{"start":{"line":50,"column":4},"end":{"line":53,"column":null}},"14":{"start":{"line":57,"column":23},"end":{"line":95,"column":null}},"15":{"start":{"line":58,"column":4},"end":{"line":58,"column":null}},"16":{"start":{"line":59,"column":4},"end":{"line":59,"column":null}},"17":{"start":{"line":60,"column":4},"end":{"line":60,"column":null}},"18":{"start":{"line":62,"column":4},"end":{"line":66,"column":null}},"19":{"start":{"line":63,"column":6},"end":{"line":63,"column":null}},"20":{"start":{"line":64,"column":6},"end":{"line":64,"column":null}},"21":{"start":{"line":65,"column":6},"end":{"line":65,"column":null}},"22":{"start":{"line":68,"column":21},"end":{"line":68,"column":null}},"23":{"start":{"line":70,"column":4},"end":{"line":94,"column":null}},"24":{"start":{"line":71,"column":21},"end":{"line":71,"column":null}},"25":{"start":{"line":73,"column":6},"end":{"line":75,"column":null}},"26":{"start":{"line":74,"column":8},"end":{"line":74,"column":null}},"27":{"start":{"line":77,"column":23},"end":{"line":81,"column":null}},"28":{"start":{"line":83,"column":6},"end":{"line":85,"column":null}},"29":{"start":{"line":84,"column":8},"end":{"line":84,"column":null}},"30":{"start":{"line":87,"column":6},"end":{"line":87,"column":null}},"31":{"start":{"line":88,"column":6},"end":{"line":88,"column":null}},"32":{"start":{"line":90,"column":6},"end":{"line":90,"column":null}},"33":{"start":{"line":91,"column":6},"end":{"line":91,"column":null}},"34":{"start":{"line":93,"column":6},"end":{"line":93,"column":null}},"35":{"start":{"line":97,"column":2},"end":{"line":289,"column":null}},"36":{"start":{"line":126,"column":26},"end":{"line":126,"column":null}},"37":{"start":{"line":127,"column":31},"end":{"line":129,"column":null}},"38":{"start":{"line":130,"column":36},"end":{"line":132,"column":null}},"39":{"start":{"line":134,"column":10},"end":{"line":156,"column":null}},"40":{"start":{"line":135,"column":12},"end":{"line":154,"column":null}},"41":{"start":{"line":158,"column":10},"end":{"line":185,"column":null}},"42":{"start":{"line":159,"column":12},"end":{"line":183,"column":null}},"43":{"start":{"line":175,"column":20},"end":{"line":177,"column":null}},"44":{"start":{"line":187,"column":10},"end":{"line":216,"column":null}},"45":{"start":{"line":188,"column":12},"end":{"line":214,"column":null}},"46":{"start":{"line":195,"column":37},"end":{"line":195,"column":null}},"47":{"start":{"line":196,"column":20},"end":{"line":207,"column":null}},"48":{"start":{"line":218,"column":10},"end":{"line":239,"column":null}},"49":{"start":{"line":219,"column":12},"end":{"line":237,"column":null}},"50":{"start":{"line":241,"column":10},"end":{"line":260,"column":null}}},"fnMap":{"0":{"name":"(anonymous_0)","decl":{"start":{"line":19,"column":20},"end":{"line":19,"column":21}},"loc":{"start":{"line":20,"column":2},"end":{"line":20,"column":null}},"line":20},"1":{"name":"(anonymous_1)","decl":{"start":{"line":22,"column":28},"end":{"line":22,"column":29}},"loc":{"start":{"line":23,"column":2},"end":{"line":28,"column":null}},"line":23},"2":{"name":"(anonymous_2)","decl":{"start":{"line":24,"column":9},"end":{"line":24,"column":10}},"loc":{"start":{"line":24,"column":21},"end":{"line":27,"column":6}},"line":24},"3":{"name":"(anonymous_3)","decl":{"start":{"line":28,"column":12},"end":{"line":28,"column":13}},"loc":{"start":{"line":28,"column":23},"end":{"line":28,"column":53}},"line":28},"4":{"name":"RegistrationForm","decl":{"start":{"line":30,"column":24},"end":{"line":30,"column":41}},"loc":{"start":{"line":34,"column":26},"end":{"line":291,"column":null}},"line":34},"5":{"name":"(anonymous_5)","decl":{"start":{"line":57,"column":23},"end":{"line":57,"column":30}},"loc":{"start":{"line":57,"column":74},"end":{"line":95,"column":null}},"line":57},"6":{"name":"(anonymous_6)","decl":{"start":{"line":73,"column":23},"end":{"line":73,"column":24}},"loc":{"start":{"line":73,"column":39},"end":{"line":75,"column":7}},"line":73},"7":{"name":"(anonymous_7)","decl":{"start":{"line":125,"column":20},"end":{"line":125,"column":21}},"loc":{"start":{"line":125,"column":31},"end":{"line":262,"column":9}},"line":125},"8":{"name":"(anonymous_8)","decl":{"start":{"line":174,"column":45},"end":{"line":174,"column":46}},"loc":{"start":{"line":175,"column":20},"end":{"line":177,"column":null}},"line":175},"9":{"name":"(anonymous_9)","decl":{"start":{"line":194,"column":45},"end":{"line":194,"column":46}},"loc":{"start":{"line":194,"column":64},"end":{"line":209,"column":19}},"line":194}},"branchMap":{"0":{"loc":{"start":{"line":20,"column":2},"end":{"line":20,"column":null}},"type":"binary-expr","locations":[{"start":{"line":20,"column":2},"end":{"line":20,"column":25}},{"start":{"line":20,"column":25},"end":{"line":20,"column":45}},{"start":{"line":20,"column":45},"end":{"line":20,"column":null}}],"line":20},"1":{"loc":{"start":{"line":26,"column":39},"end":{"line":26,"column":74}},"type":"binary-expr","locations":[{"start":{"line":26,"column":39},"end":{"line":26,"column":57}},{"start":{"line":26,"column":57},"end":{"line":26,"column":72}},{"start":{"line":26,"column":72},"end":{"line":26,"column":74}}],"line":26},"2":{"loc":{"start":{"line":39,"column":2},"end":{"line":45,"column":null}},"type":"if","locations":[{"start":{"line":39,"column":2},"end":{"line":45,"column":null}},{"start":{},"end":{}}],"line":39},"3":{"loc":{"start":{"line":39,"column":6},"end":{"line":39,"column":32}},"type":"binary-expr","locations":[{"start":{"line":39,"column":6},"end":{"line":39,"column":21}},{"start":{"line":39,"column":21},"end":{"line":39,"column":32}}],"line":39},"4":{"loc":{"start":{"line":47,"column":37},"end":{"line":47,"column":53}},"type":"binary-expr","locations":[{"start":{"line":47,"column":37},"end":{"line":47,"column":51}},{"start":{"line":47,"column":51},"end":{"line":47,"column":53}}],"line":47},"5":{"loc":{"start":{"line":49,"column":2},"end":{"line":55,"column":null}},"type":"if","locations":[{"start":{"line":49,"column":2},"end":{"line":55,"column":null}},{"start":{},"end":{}}],"line":49},"6":{"loc":{"start":{"line":62,"column":4},"end":{"line":66,"column":null}},"type":"if","locations":[{"start":{"line":62,"column":4},"end":{"line":66,"column":null}},{"start":{},"end":{}}],"line":62},"7":{"loc":{"start":{"line":83,"column":6},"end":{"line":85,"column":null}},"type":"if","locations":[{"start":{"line":83,"column":6},"end":{"line":85,"column":null}},{"start":{},"end":{}}],"line":83},"8":{"loc":{"start":{"line":127,"column":31},"end":{"line":129,"column":null}},"type":"cond-expr","locations":[{"start":{"line":128,"column":12},"end":{"line":128,"column":null}},{"start":{"line":129,"column":14},"end":{"line":129,"column":null}}],"line":127},"9":{"loc":{"start":{"line":130,"column":36},"end":{"line":132,"column":null}},"type":"cond-expr","locations":[{"start":{"line":131,"column":14},"end":{"line":131,"column":null}},{"start":{"line":132,"column":14},"end":{"line":132,"column":null}}],"line":130},"10":{"loc":{"start":{"line":134,"column":10},"end":{"line":156,"column":null}},"type":"if","locations":[{"start":{"line":134,"column":10},"end":{"line":156,"column":null}},{"start":{},"end":{}}],"line":134},"11":{"loc":{"start":{"line":151,"column":17},"end":{"line":153,"column":null}},"type":"cond-expr","locations":[{"start":{"line":152,"column":18},"end":{"line":152,"column":null}},{"start":{"line":153,"column":20},"end":{"line":153,"column":null}}],"line":151},"12":{"loc":{"start":{"line":158,"column":10},"end":{"line":185,"column":null}},"type":"if","locations":[{"start":{"line":158,"column":10},"end":{"line":185,"column":null}},{"start":{},"end":{}}],"line":158},"13":{"loc":{"start":{"line":174,"column":20},"end":{"line":174,"column":41}},"type":"binary-expr","locations":[{"start":{"line":174,"column":20},"end":{"line":174,"column":37}},{"start":{"line":174,"column":37},"end":{"line":174,"column":41}}],"line":174},"14":{"loc":{"start":{"line":180,"column":17},"end":{"line":182,"column":null}},"type":"cond-expr","locations":[{"start":{"line":181,"column":18},"end":{"line":181,"column":null}},{"start":{"line":182,"column":20},"end":{"line":182,"column":null}}],"line":180},"15":{"loc":{"start":{"line":187,"column":10},"end":{"line":216,"column":null}},"type":"if","locations":[{"start":{"line":187,"column":10},"end":{"line":216,"column":null}},{"start":{},"end":{}}],"line":187},"16":{"loc":{"start":{"line":194,"column":20},"end":{"line":194,"column":41}},"type":"binary-expr","locations":[{"start":{"line":194,"column":20},"end":{"line":194,"column":37}},{"start":{"line":194,"column":37},"end":{"line":194,"column":41}}],"line":194},"17":{"loc":{"start":{"line":203,"column":36},"end":{"line":203,"column":null}},"type":"binary-expr","locations":[{"start":{"line":203,"column":36},"end":{"line":203,"column":54}},{"start":{"line":203,"column":54},"end":{"line":203,"column":null}}],"line":203},"18":{"loc":{"start":{"line":211,"column":17},"end":{"line":213,"column":null}},"type":"cond-expr","locations":[{"start":{"line":212,"column":18},"end":{"line":212,"column":null}},{"start":{"line":213,"column":20},"end":{"line":213,"column":null}}],"line":211},"19":{"loc":{"start":{"line":218,"column":10},"end":{"line":239,"column":null}},"type":"if","locations":[{"start":{"line":218,"column":10},"end":{"line":239,"column":null}},{"start":{},"end":{}}],"line":218},"20":{"loc":{"start":{"line":234,"column":17},"end":{"line":236,"column":null}},"type":"cond-expr","locations":[{"start":{"line":235,"column":18},"end":{"line":235,"column":null}},{"start":{"line":236,"column":20},"end":{"line":236,"column":null}}],"line":234},"21":{"loc":{"start":{"line":257,"column":15},"end":{"line":259,"column":null}},"type":"cond-expr","locations":[{"start":{"line":258,"column":16},"end":{"line":258,"column":null}},{"start":{"line":259,"column":18},"end":{"line":259,"column":null}}],"line":257},"22":{"loc":{"start":{"line":271,"column":11},"end":{"line":271,"column":null}},"type":"cond-expr","locations":[{"start":{"line":271,"column":26},"end":{"line":271,"column":44}},{"start":{"line":271,"column":44},"end":{"line":271,"column":null}}],"line":271},"23":{"loc":{"start":{"line":273,"column":9},"end":{"line":282,"column":null}},"type":"cond-expr","locations":[{"start":{"line":274,"column":10},"end":{"line":281,"column":null}},{"start":{"line":282,"column":12},"end":{"line":282,"column":null}}],"line":273},"24":{"loc":{"start":{"line":276,"column":15},"end":{"line":276,"column":null}},"type":"binary-expr","locations":[{"start":{"line":276,"column":15},"end":{"line":276,"column":34}},{"start":{"line":276,"column":34},"end":{"line":276,"column":null}}],"line":276},"25":{"loc":{"start":{"line":279,"column":15},"end":{"line":279,"column":null}},"type":"binary-expr","locations":[{"start":{"line":279,"column":15},"end":{"line":279,"column":36}},{"start":{"line":279,"column":36},"end":{"line":279,"column":null}}],"line":279},"26":{"loc":{"start":{"line":283,"column":9},"end":{"line":287,"column":null}},"type":"cond-expr","locations":[{"start":{"line":284,"column":10},"end":{"line":286,"column":null}},{"start":{"line":287,"column":12},"end":{"line":287,"column":null}}],"line":283}},"s":{"0":1,"1":56,"2":1,"3":9,"4":56,"5":56,"6":10,"7":10,"8":10,"9":10,"10":1,"11":9,"12":10,"13":1,"14":8,"15":2,"16":2,"17":2,"18":2,"19":0,"20":0,"21":0,"22":2,"23":2,"24":2,"25":2,"26":16,"27":2,"28":2,"29":1,"30":1,"31":1,"32":1,"33":1,"34":2,"35":8,"36":56,"37":56,"38":56,"39":56,"40":8,"41":48,"42":8,"43":16,"44":40,"45":8,"46":16,"47":16,"48":32,"49":8,"50":24},"f":{"0":56,"1":9,"2":56,"3":56,"4":10,"5":2,"6":16,"7":56,"8":16,"9":16},"b":{"0":[56,48,40],"1":[56,0,0],"2":[1,9],"3":[10,1],"4":[9,0],"5":[1,9],"6":[0,2],"7":[1,1],"8":[40,16],"9":[24,32],"10":[8,48],"11":[0,8],"12":[8,40],"13":[8,0],"14":[0,8],"15":[8,32],"16":[8,0],"17":[16,0],"18":[0,8],"19":[8,24],"20":[0,8],"21":[0,24],"22":[2,6],"23":[1,7],"24":[1,0],"25":[1,0],"26":[1,7]},"meta":{"lastBranch":27,"lastFunction":10,"lastStatement":51,"seen":{"s:19:20:20:Infinity":0,"f:19:20:19:21":0,"s:20:2:20:Infinity":1,"b:20:2:20:25:20:25:20:45:20:45:20:Infinity":0,"s:22:28:28:Infinity":2,"f:22:28:22:29":1,"s:23:2:28:Infinity":3,"f:24:9:24:10":2,"s:24:21:27:6":4,"b:26:39:26:57:26:57:26:72:26:72:26:74":1,"f:28:12:28:13":3,"s:28:23:28:53":5,"f:30:24:30:41":4,"s:35:8:35:Infinity":6,"s:36:38:36:Infinity":7,"s:37:38:37:Infinity":8,"b:39:2:45:Infinity:undefined:undefined:undefined:undefined":2,"s:39:2:45:Infinity":9,"b:39:6:39:21:39:21:39:32":3,"s:40:4:43:Infinity":10,"s:47:17:47:Infinity":11,"b:47:37:47:51:47:51:47:53":4,"b:49:2:55:Infinity:undefined:undefined:undefined:undefined":5,"s:49:2:55:Infinity":12,"s:50:4:53:Infinity":13,"s:57:23:95:Infinity":14,"f:57:23:57:30":5,"s:58:4:58:Infinity":15,"s:59:4:59:Infinity":16,"s:60:4:60:Infinity":17,"b:62:4:66:Infinity:undefined:undefined:undefined:undefined":6,"s:62:4:66:Infinity":18,"s:63:6:63:Infinity":19,"s:64:6:64:Infinity":20,"s:65:6:65:Infinity":21,"s:68:21:68:Infinity":22,"s:70:4:94:Infinity":23,"s:71:21:71:Infinity":24,"s:73:6:75:Infinity":25,"f:73:23:73:24":6,"s:74:8:74:Infinity":26,"s:77:23:81:Infinity":27,"b:83:6:85:Infinity:undefined:undefined:undefined:undefined":7,"s:83:6:85:Infinity":28,"s:84:8:84:Infinity":29,"s:87:6:87:Infinity":30,"s:88:6:88:Infinity":31,"s:90:6:90:Infinity":32,"s:91:6:91:Infinity":33,"s:93:6:93:Infinity":34,"s:97:2:289:Infinity":35,"f:125:20:125:21":7,"s:126:26:126:Infinity":36,"s:127:31:129:Infinity":37,"b:128:12:128:Infinity:129:14:129:Infinity":8,"s:130:36:132:Infinity":38,"b:131:14:131:Infinity:132:14:132:Infinity":9,"b:134:10:156:Infinity:undefined:undefined:undefined:undefined":10,"s:134:10:156:Infinity":39,"s:135:12:154:Infinity":40,"b:152:18:152:Infinity:153:20:153:Infinity":11,"b:158:10:185:Infinity:undefined:undefined:undefined:undefined":12,"s:158:10:185:Infinity":41,"s:159:12:183:Infinity":42,"b:174:20:174:37:174:37:174:41":13,"f:174:45:174:46":8,"s:175:20:177:Infinity":43,"b:181:18:181:Infinity:182:20:182:Infinity":14,"b:187:10:216:Infinity:undefined:undefined:undefined:undefined":15,"s:187:10:216:Infinity":44,"s:188:12:214:Infinity":45,"b:194:20:194:37:194:37:194:41":16,"f:194:45:194:46":9,"s:195:37:195:Infinity":46,"s:196:20:207:Infinity":47,"b:203:36:203:54:203:54:203:Infinity":17,"b:212:18:212:Infinity:213:20:213:Infinity":18,"b:218:10:239:Infinity:undefined:undefined:undefined:undefined":19,"s:218:10:239:Infinity":48,"s:219:12:237:Infinity":49,"b:235:18:235:Infinity:236:20:236:Infinity":20,"s:241:10:260:Infinity":50,"b:258:16:258:Infinity:259:18:259:Infinity":21,"b:271:26:271:44:271:44:271:Infinity":22,"b:274:10:281:Infinity:282:12:282:Infinity":23,"b:276:15:276:34:276:34:276:Infinity":24,"b:279:15:279:36:279:36:279:Infinity":25,"b:284:10:286:Infinity:287:12:287:Infinity":26}}}
,"/Users/asasmith/code/reclaim-my-life/web/lib/socialLinks.ts": {"path":"/Users/asasmith/code/reclaim-my-life/web/lib/socialLinks.ts","statementMap":{"0":{"start":{"line":3,"column":33},"end":{"line":5,"column":null}},"1":{"start":{"line":4,"column":2},"end":{"line":4,"column":null}},"2":{"start":{"line":7,"column":32},"end":{"line":22,"column":null}},"3":{"start":{"line":8,"column":2},"end":{"line":10,"column":null}},"4":{"start":{"line":9,"column":4},"end":{"line":9,"column":null}},"5":{"start":{"line":12,"column":2},"end":{"line":19,"column":null}},"6":{"start":{"line":13,"column":22},"end":{"line":13,"column":null}},"7":{"start":{"line":14,"column":4},"end":{"line":16,"column":null}},"8":{"start":{"line":15,"column":6},"end":{"line":15,"column":null}},"9":{"start":{"line":18,"column":4},"end":{"line":18,"column":null}},"10":{"start":{"line":21,"column":2},"end":{"line":21,"column":null}}},"fnMap":{"0":{"name":"(anonymous_0)","decl":{"start":{"line":3,"column":33},"end":{"line":3,"column":34}},"loc":{"start":{"line":3,"column":71},"end":{"line":5,"column":null}},"line":3},"1":{"name":"(anonymous_1)","decl":{"start":{"line":7,"column":32},"end":{"line":7,"column":33}},"loc":{"start":{"line":7,"column":49},"end":{"line":22,"column":null}},"line":7}},"branchMap":{"0":{"loc":{"start":{"line":8,"column":2},"end":{"line":10,"column":null}},"type":"if","locations":[{"start":{"line":8,"column":2},"end":{"line":10,"column":null}},{"start":{},"end":{}}],"line":8},"1":{"loc":{"start":{"line":14,"column":4},"end":{"line":16,"column":null}},"type":"if","locations":[{"start":{"line":14,"column":4},"end":{"line":16,"column":null}},{"start":{},"end":{}}],"line":14},"2":{"loc":{"start":{"line":14,"column":8},"end":{"line":14,"column":75}},"type":"binary-expr","locations":[{"start":{"line":14,"column":8},"end":{"line":14,"column":42}},{"start":{"line":14,"column":42},"end":{"line":14,"column":75}}],"line":14}},"s":{"0":2,"1":4,"2":2,"3":6,"4":0,"5":6,"6":6,"7":6,"8":4,"9":0,"10":2},"f":{"0":4,"1":6},"b":{"0":[0,6],"1":[4,2],"2":[6,6]},"meta":{"lastBranch":3,"lastFunction":2,"lastStatement":11,"seen":{"s:3:33:5:Infinity":0,"f:3:33:3:34":0,"s:4:2:4:Infinity":1,"s:7:32:22:Infinity":2,"f:7:32:7:33":1,"b:8:2:10:Infinity:undefined:undefined:undefined:undefined":0,"s:8:2:10:Infinity":3,"s:9:4:9:Infinity":4,"s:12:2:19:Infinity":5,"s:13:22:13:Infinity":6,"b:14:4:16:Infinity:undefined:undefined:undefined:undefined":1,"s:14:4:16:Infinity":7,"b:14:8:14:42:14:42:14:75":2,"s:15:6:15:Infinity":8,"s:18:4:18:Infinity":9,"s:21:2:21:Infinity":10}}}
,"/Users/asasmith/code/reclaim-my-life/web/scripts/netlifyForms.mjs": {"path":"/Users/asasmith/code/reclaim-my-life/web/scripts/netlifyForms.mjs","statementMap":{"0":{"start":{"line":3,"column":23},"end":{"line":8,"column":1}},"1":{"start":{"line":10,"column":26},"end":{"line":11,"column":65}},"2":{"start":{"line":11,"column":2},"end":{"line":11,"column":65}},"3":{"start":{"line":13,"column":29},"end":{"line":14,"column":62}},"4":{"start":{"line":14,"column":2},"end":{"line":14,"column":62}},"5":{"start":{"line":16,"column":28},"end":{"line":21,"column":20}},"6":{"start":{"line":17,"column":2},"end":{"line":21,"column":20}},"7":{"start":{"line":18,"column":4},"end":{"line":20,"column":null}},"8":{"start":{"line":23,"column":33},"end":{"line":29,"column":1}},"9":{"start":{"line":24,"column":2},"end":{"line":26,"column":null}},"10":{"start":{"line":25,"column":4},"end":{"line":25,"column":null}},"11":{"start":{"line":28,"column":2},"end":{"line":28,"column":null}},"12":{"start":{"line":28,"column":31},"end":{"line":28,"column":55}},"13":{"start":{"line":31,"column":30},"end":{"line":89,"column":1}},"14":{"start":{"line":32,"column":27},"end":{"line":34,"column":40}},"15":{"start":{"line":33,"column":19},"end":{"line":33,"column":58}},"16":{"start":{"line":34,"column":23},"end":{"line":34,"column":39}},"17":{"start":{"line":35,"column":23},"end":{"line":35,"column":60}},"18":{"start":{"line":37,"column":2},"end":{"line":39,"column":null}},"19":{"start":{"line":38,"column":4},"end":{"line":38,"column":null}},"20":{"start":{"line":41,"column":2},"end":{"line":88,"column":null}}},"fnMap":{"0":{"name":"(anonymous_0)","decl":{"start":{"line":10,"column":26},"end":{"line":10,"column":27}},"loc":{"start":{"line":11,"column":2},"end":{"line":11,"column":65}},"line":11},"1":{"name":"(anonymous_1)","decl":{"start":{"line":13,"column":29},"end":{"line":13,"column":30}},"loc":{"start":{"line":14,"column":2},"end":{"line":14,"column":62}},"line":14},"2":{"name":"(anonymous_2)","decl":{"start":{"line":16,"column":28},"end":{"line":16,"column":29}},"loc":{"start":{"line":17,"column":2},"end":{"line":21,"column":20}},"line":17},"3":{"name":"(anonymous_3)","decl":{"start":{"line":17,"column":21},"end":{"line":17,"column":22}},"loc":{"start":{"line":18,"column":4},"end":{"line":20,"column":null}},"line":18},"4":{"name":"(anonymous_4)","decl":{"start":{"line":23,"column":33},"end":{"line":23,"column":34}},"loc":{"start":{"line":23,"column":45},"end":{"line":29,"column":1}},"line":23},"5":{"name":"(anonymous_5)","decl":{"start":{"line":28,"column":20},"end":{"line":28,"column":21}},"loc":{"start":{"line":28,"column":31},"end":{"line":28,"column":55}},"line":28},"6":{"name":"(anonymous_6)","decl":{"start":{"line":31,"column":30},"end":{"line":31,"column":31}},"loc":{"start":{"line":31,"column":54},"end":{"line":89,"column":1}},"line":31},"7":{"name":"(anonymous_7)","decl":{"start":{"line":33,"column":9},"end":{"line":33,"column":10}},"loc":{"start":{"line":33,"column":19},"end":{"line":33,"column":58}},"line":33},"8":{"name":"(anonymous_8)","decl":{"start":{"line":34,"column":12},"end":{"line":34,"column":13}},"loc":{"start":{"line":34,"column":23},"end":{"line":34,"column":39}},"line":34}},"branchMap":{"0":{"loc":{"start":{"line":10,"column":33},"end":{"line":10,"column":46}},"type":"default-arg","locations":[{"start":{"line":10,"column":40},"end":{"line":10,"column":46}}],"line":10},"1":{"loc":{"start":{"line":18,"column":4},"end":{"line":20,"column":null}},"type":"cond-expr","locations":[{"start":{"line":19,"column":8},"end":{"line":19,"column":null}},{"start":{"line":20,"column":8},"end":{"line":20,"column":null}}],"line":18},"2":{"loc":{"start":{"line":24,"column":2},"end":{"line":26,"column":null}},"type":"if","locations":[{"start":{"line":24,"column":2},"end":{"line":26,"column":null}},{"start":{},"end":{}}],"line":24},"3":{"loc":{"start":{"line":33,"column":45},"end":{"line":33,"column":56}},"type":"binary-expr","locations":[{"start":{"line":33,"column":45},"end":{"line":33,"column":50}},{"start":{"line":33,"column":54},"end":{"line":33,"column":56}}],"line":33},"4":{"loc":{"start":{"line":37,"column":2},"end":{"line":39,"column":null}},"type":"if","locations":[{"start":{"line":37,"column":2},"end":{"line":39,"column":null}},{"start":{},"end":{}}],"line":37}},"s":{"0":1,"1":1,"2":5,"3":1,"4":1,"5":1,"6":1,"7":4,"8":1,"9":1,"10":0,"11":1,"12":2,"13":1,"14":2,"15":2,"16":2,"17":2,"18":2,"19":1,"20":1},"f":{"0":5,"1":1,"2":1,"3":4,"4":1,"5":2,"6":2,"7":2,"8":2},"b":{"0":[5],"1":[1,3],"2":[0,1],"3":[2,0],"4":[1,1]},"meta":{"lastBranch":5,"lastFunction":9,"lastStatement":21,"seen":{"s:3:23:8:1":0,"s:10:26:11:65":1,"f:10:26:10:27":0,"s:11:2:11:65":2,"b:10:40:10:46":0,"s:13:29:14:62":3,"f:13:29:13:30":1,"s:14:2:14:62":4,"s:16:28:21:20":5,"f:16:28:16:29":2,"s:17:2:21:20":6,"f:17:21:17:22":3,"s:18:4:20:Infinity":7,"b:19:8:19:Infinity:20:8:20:Infinity":1,"s:23:33:29:1":8,"f:23:33:23:34":4,"b:24:2:26:Infinity:undefined:undefined:undefined:undefined":2,"s:24:2:26:Infinity":9,"s:25:4:25:Infinity":10,"s:28:2:28:Infinity":11,"f:28:20:28:21":5,"s:28:31:28:55":12,"s:31:30:89:1":13,"f:31:30:31:31":6,"s:32:27:34:40":14,"f:33:9:33:10":7,"s:33:19:33:58":15,"b:33:45:33:50:33:54:33:56":3,"f:34:12:34:13":8,"s:34:23:34:39":16,"s:35:23:35:60":17,"b:37:2:39:Infinity:undefined:undefined:undefined:undefined":4,"s:37:2:39:Infinity":18,"s:38:4:38:Infinity":19,"s:41:2:88:Infinity":20}}}
}
