TN:
SF:app/contact/page.tsx
FN:9,generateMetadata
FN:34,Contact
FN:76,(anonymous_2)
FN:80,(anonymous_3)
FN:106,(anonymous_4)
FN:159,(anonymous_5)
FNF:6
FNH:5
FNDA:0,generateMetadata
FNDA:3,Contact
FNDA:3,(anonymous_2)
FNDA:3,(anonymous_3)
FNDA:1,(anonymous_4)
FNDA:2,(anonymous_5)
DA:7,1
DA:10,0
DA:11,0
DA:13,0
DA:14,0
DA:20,0
DA:35,3
DA:36,3
DA:37,3
DA:38,3
DA:42,3
DA:43,3
DA:45,3
DA:46,0
DA:49,3
DA:50,0
DA:53,3
DA:54,0
DA:68,3
DA:69,3
DA:70,3
DA:71,3
DA:72,3
DA:73,3
DA:74,3
DA:75,3
DA:76,3
DA:80,3
DA:81,3
DA:83,3
DA:107,1
DA:108,1
DA:110,1
DA:160,2
LF:34
LH:26
BRDA:13,0,0,0
BRDA:13,0,1,0
BRDA:21,1,0,0
BRDA:21,1,1,0
BRDA:23,2,0,0
BRDA:23,2,1,0
BRDA:25,3,0,0
BRDA:25,3,1,0
BRDA:26,4,0,0
BRDA:26,4,1,0
BRDA:27,5,0,0
BRDA:27,5,1,0
BRDA:42,6,0,3
BRDA:42,6,1,0
BRDA:43,7,0,3
BRDA:43,7,1,0
BRDA:45,8,0,0
BRDA:45,8,1,3
BRDA:49,9,0,0
BRDA:49,9,1,3
BRDA:53,10,0,0
BRDA:53,10,1,3
BRDA:69,11,0,3
BRDA:69,11,1,0
BRDA:73,12,0,3
BRDA:73,12,1,3
BRDA:75,13,0,3
BRDA:75,13,1,2
BRDA:100,14,0,3
BRDA:100,14,1,1
BRDA:108,15,0,1
BRDA:108,15,1,0
BRDA:112,16,0,1
BRDA:112,16,1,0
BRDA:129,17,0,3
BRDA:129,17,1,0
BRDA:138,18,0,3
BRDA:138,18,1,1
BRDA:144,19,0,1
BRDA:144,19,1,0
BRDA:147,20,0,0
BRDA:147,20,1,0
BRDA:155,21,0,3
BRDA:155,21,1,1
BRDA:160,22,0,2
BRDA:160,22,1,0
BRF:46
BRH:21
end_of_record
TN:
SF:components/ContactForm.tsx
FN:13,ContactForm
FN:19,(anonymous_1)
FN:44,(anonymous_2)
FN:69,(anonymous_3)
FNF:4
FNH:4
FNDA:14,ContactForm
FNDA:4,(anonymous_1)
FNDA:12,(anonymous_2)
FNDA:52,(anonymous_3)
DA:14,14
DA:15,14
DA:16,14
DA:17,14
DA:19,14
DA:20,4
DA:21,4
DA:22,4
DA:23,4
DA:25,4
DA:26,0
DA:27,0
DA:28,0
DA:31,4
DA:33,4
DA:34,4
DA:36,4
DA:37,2
DA:38,2
DA:39,2
DA:42,2
DA:44,2
DA:45,12
DA:48,2
DA:49,2
DA:55,2
DA:56,1
DA:59,1
DA:60,1
DA:62,1
DA:63,1
DA:65,2
DA:69,14
DA:70,52
DA:71,0
DA:74,52
DA:75,52
DA:77,52
DA:78,52
DA:82,14
DA:83,14
DA:87,14
LF:42
LH:38
BRDA:25,0,0,0
BRDA:25,0,1,4
BRDA:33,1,0,4
BRDA:33,1,1,0
BRDA:34,2,0,4
BRDA:34,2,1,0
BRDA:36,3,0,2
BRDA:36,3,1,2
BRDA:36,4,0,4
BRDA:36,4,1,2
BRDA:55,5,0,1
BRDA:55,5,1,1
BRDA:70,6,0,0
BRDA:70,6,1,52
BRDA:77,7,0,52
BRDA:77,7,1,0
BRDA:77,8,0,52
BRDA:77,8,1,12
BRDA:83,9,0,2
BRDA:83,9,1,12
BRDA:169,10,0,2
BRDA:169,10,1,12
BRDA:202,11,0,2
BRDA:202,11,1,12
BRDA:204,12,0,1
BRDA:204,12,1,13
BRDA:212,13,0,1
BRDA:212,13,1,13
BRF:28
BRH:23
end_of_record
TN:
SF:components/Footer.tsx
FN:9,Footer
FN:17,(anonymous_1)
FN:21,(anonymous_2)
FN:49,(anonymous_3)
FN:90,(anonymous_4)
FNF:5
FNH:5
FNDA:5,Footer
FNDA:3,(anonymous_1)
FNDA:3,(anonymous_2)
FNDA:2,(anonymous_3)
FNDA:2,(anonymous_4)
DA:10,5
DA:11,5
DA:12,5
DA:13,5
DA:14,5
DA:15,5
DA:16,5
DA:17,3
DA:21,3
DA:22,5
DA:23,5
DA:24,5
DA:26,5
DA:50,2
DA:51,2
DA:53,2
DA:91,2
LF:17
LH:17
BRDA:10,0,0,5
BRDA:10,0,1,1
BRDA:15,1,0,5
BRDA:15,1,1,3
BRDA:16,2,0,5
BRDA:16,2,1,1
BRDA:24,3,0,5
BRDA:24,3,1,3
BRDA:24,3,2,3
BRDA:24,3,3,2
BRDA:39,4,0,5
BRDA:39,4,1,3
BRDA:45,5,0,3
BRDA:45,5,1,2
BRDA:51,6,0,2
BRDA:51,6,1,0
BRDA:55,7,0,2
BRDA:55,7,1,0
BRDA:71,8,0,3
BRDA:71,8,1,1
BRDA:72,9,0,3
BRDA:72,9,1,2
BRDA:76,10,0,2
BRDA:76,10,1,2
BRDA:79,11,0,2
BRDA:79,11,1,2
BRDA:86,12,0,3
BRDA:86,12,1,2
BRDA:92,13,0,2
BRDA:92,13,1,0
BRF:30
BRH:27
end_of_record
TN:
SF:components/Navigation.tsx
FN:8,Navigation
FN:17,(anonymous_1)
FN:21,(anonymous_2)
FN:44,(anonymous_3)
FN:109,(anonymous_4)
FNF:5
FNH:5
FNDA:8,Navigation
FNDA:3,(anonymous_1)
FNDA:1,(anonymous_2)
FNDA:16,(anonymous_3)
FNDA:4,(anonymous_4)
DA:9,8
DA:10,8
DA:12,8
DA:17,8
DA:18,3
DA:21,8
DA:22,1
DA:25,8
DA:45,16
DA:110,4
LF:10
LH:10
BRDA:48,0,0,1
BRDA:48,0,1,15
BRDA:72,1,0,2
BRDA:72,1,1,6
BRDA:106,2,0,8
BRDA:106,2,1,2
BRDA:114,3,0,0
BRDA:114,3,1,4
BRF:8
BRH:7
end_of_record
TN:
SF:components/RegistrationForm.tsx
FN:19,(anonymous_0)
FN:22,(anonymous_1)
FN:24,(anonymous_2)
FN:28,(anonymous_3)
FN:30,RegistrationForm
FN:57,(anonymous_5)
FN:73,(anonymous_6)
FN:125,(anonymous_7)
FN:174,(anonymous_8)
FN:194,(anonymous_9)
FNF:10
FNH:10
FNDA:56,(anonymous_0)
FNDA:9,(anonymous_1)
FNDA:56,(anonymous_2)
FNDA:56,(anonymous_3)
FNDA:10,RegistrationForm
FNDA:2,(anonymous_5)
FNDA:16,(anonymous_6)
FNDA:56,(anonymous_7)
FNDA:16,(anonymous_8)
FNDA:16,(anonymous_9)
DA:19,1
DA:20,56
DA:22,1
DA:23,9
DA:24,56
DA:28,56
DA:35,10
DA:36,10
DA:37,10
DA:39,10
DA:40,1
DA:47,9
DA:49,10
DA:50,1
DA:57,8
DA:58,2
DA:59,2
DA:60,2
DA:62,2
DA:63,0
DA:64,0
DA:65,0
DA:68,2
DA:70,2
DA:71,2
DA:73,2
DA:74,16
DA:77,2
DA:83,2
DA:84,1
DA:87,1
DA:88,1
DA:90,1
DA:91,1
DA:93,2
DA:97,8
DA:126,56
DA:127,56
DA:130,56
DA:134,56
DA:135,8
DA:158,48
DA:159,8
DA:175,16
DA:187,40
DA:188,8
DA:195,16
DA:196,16
DA:218,32
DA:219,8
DA:241,24
LF:51
LH:48
BRDA:20,0,0,56
BRDA:20,0,1,48
BRDA:20,0,2,40
BRDA:26,1,0,56
BRDA:26,1,1,0
BRDA:26,1,2,0
BRDA:39,2,0,1
BRDA:39,2,1,9
BRDA:39,3,0,10
BRDA:39,3,1,1
BRDA:47,4,0,9
BRDA:47,4,1,0
BRDA:49,5,0,1
BRDA:49,5,1,9
BRDA:62,6,0,0
BRDA:62,6,1,2
BRDA:83,7,0,1
BRDA:83,7,1,1
BRDA:127,8,0,40
BRDA:127,8,1,16
BRDA:130,9,0,24
BRDA:130,9,1,32
BRDA:134,10,0,8
BRDA:134,10,1,48
BRDA:151,11,0,0
BRDA:151,11,1,8
BRDA:158,12,0,8
BRDA:158,12,1,40
BRDA:174,13,0,8
BRDA:174,13,1,0
BRDA:180,14,0,0
BRDA:180,14,1,8
BRDA:187,15,0,8
BRDA:187,15,1,32
BRDA:194,16,0,8
BRDA:194,16,1,0
BRDA:203,17,0,16
BRDA:203,17,1,0
BRDA:211,18,0,0
BRDA:211,18,1,8
BRDA:218,19,0,8
BRDA:218,19,1,24
BRDA:234,20,0,0
BRDA:234,20,1,8
BRDA:257,21,0,0
BRDA:257,21,1,24
BRDA:271,22,0,2
BRDA:271,22,1,6
BRDA:273,23,0,1
BRDA:273,23,1,7
BRDA:276,24,0,1
BRDA:276,24,1,0
BRDA:279,25,0,1
BRDA:279,25,1,0
BRDA:283,26,0,1
BRDA:283,26,1,7
BRF:56
BRH:42
end_of_record
TN:
SF:lib/socialLinks.ts
FN:3,(anonymous_0)
FN:7,(anonymous_1)
FNF:2
FNH:2
FNDA:4,(anonymous_0)
FNDA:6,(anonymous_1)
DA:3,2
DA:4,4
DA:7,2
DA:8,6
DA:9,0
DA:12,6
DA:13,6
DA:14,6
DA:15,4
DA:18,0
DA:21,2
LF:11
LH:9
BRDA:8,0,0,0
BRDA:8,0,1,6
BRDA:14,1,0,4
BRDA:14,1,1,2
BRDA:14,2,0,6
BRDA:14,2,1,6
BRF:6
BRH:5
end_of_record
TN:
SF:scripts/netlifyForms.mjs
FN:10,(anonymous_0)
FN:13,(anonymous_1)
FN:16,(anonymous_2)
FN:17,(anonymous_3)
FN:23,(anonymous_4)
FN:28,(anonymous_5)
FN:31,(anonymous_6)
FN:33,(anonymous_7)
FN:34,(anonymous_8)
FNF:9
FNH:9
FNDA:5,(anonymous_0)
FNDA:1,(anonymous_1)
FNDA:1,(anonymous_2)
FNDA:4,(anonymous_3)
FNDA:1,(anonymous_4)
FNDA:2,(anonymous_5)
FNDA:2,(anonymous_6)
FNDA:2,(anonymous_7)
FNDA:2,(anonymous_8)
DA:3,1
DA:10,1
DA:11,5
DA:13,1
DA:14,1
DA:16,1
DA:17,1
DA:18,4
DA:23,1
DA:24,1
DA:25,0
DA:28,2
DA:31,1
DA:32,2
DA:33,2
DA:34,2
DA:35,2
DA:37,2
DA:38,1
DA:41,1
LF:20
LH:19
BRDA:10,0,0,5
BRDA:18,1,0,1
BRDA:18,1,1,3
BRDA:24,2,0,0
BRDA:24,2,1,1
BRDA:33,3,0,2
BRDA:33,3,1,0
BRDA:37,4,0,1
BRDA:37,4,1,1
BRF:9
BRH:7
end_of_record
